1200 [pool-1-thread-1] DEBUG n.n.s.k.t.j.protocol.WorkspaceImpl - Set workspace to: file:///c%3A/Dev/Master/vscode-ecore-tree-editor/vscode-ecore-tree-editor-extension/examples
1296 [pool-1-thread-1] DEBUG DefaultModelResourceManager - Could not load resource with URI: c:\Dev\Master\vscode-ecore-tree-editor\vscode-ecore-tree-editor-extension\examples\.tlsp\logs\model-server.log
1396 [ForkJoinPool.commonPool-worker-3] INFO  no.ntnu.stud.krirek.treelsp.MainRpc - Got response hello: Hello from vscode
3833 [pool-1-thread-1] DEBUG n.n.s.k.t.e.EmfTreeModelController - Getting model for 'file:///c%3A/Dev/Master/vscode-ecore-tree-editor/vscode-ecore-tree-editor-extension/examples/MyTest.ecore'
3840 [pool-1-thread-1] DEBUG n.n.s.k.t.e.EmfTreeModelController - Model for 'file:/c:/Dev/Master/vscode-ecore-tree-editor/vscode-ecore-tree-editor-extension/examples/MyTest.ecore' mapped to 1 root(s).
18468 [pool-1-thread-1] DEBUG n.n.s.k.t.e.EmfTreeModelController - Getting model for 'file:///c%3A/Dev/Master/vscode-ecore-tree-editor/vscode-ecore-tree-editor-extension/examples/Ecore.ecore'
18470 [pool-1-thread-1] DEBUG n.n.s.k.t.e.EcoreToTreeDocumentModelMapper - Not sure how to name EObject org.eclipse.emf.ecore.impl.EAnnotationImpl@73530c87 (source: http://www.eclipse.org/emf/2002/Ecore). Falling back to ReflectiveItemProvider.
18481 [pool-1-thread-1] DEBUG n.n.s.k.t.e.EcoreToTreeDocumentModelMapper - Not sure how to name EObject org.eclipse.emf.ecore.impl.EStringToStringMapEntryImpl@32ecaf50 (key: constraints, value: ConsistentTransient). Falling back to ReflectiveItemProvider.
18482 [pool-1-thread-1] DEBUG n.n.s.k.t.e.EcoreToTreeDocumentModelMapper - Not sure how to name EObject org.eclipse.emf.ecore.impl.EAnnotationImpl@44535ed1 (source: http://www.eclipse.org/emf/2002/Ecore). Falling back to ReflectiveItemProvider.
18482 [pool-1-thread-1] DEBUG n.n.s.k.t.e.EcoreToTreeDocumentModelMapper - Not sure how to name EObject org.eclipse.emf.ecore.impl.EStringToStringMapEntryImpl@70b2117c (key: constraints, value: WellFormed WellFormedSourceURI). Falling back to ReflectiveItemProvider.
18483 [pool-1-thread-1] DEBUG n.n.s.k.t.e.EcoreToTreeDocumentModelMapper - Not sure how to name EObject org.eclipse.emf.ecore.impl.EAnnotationImpl@54ae5a70 (source: http://www.eclipse.org/emf/2002/Ecore). Falling back to ReflectiveItemProvider.
18483 [pool-1-thread-1] DEBUG n.n.s.k.t.e.EcoreToTreeDocumentModelMapper - Not sure how to name EObject org.eclipse.emf.ecore.impl.EStringToStringMapEntryImpl@e95d6da (key: constraints, value: InterfaceIsAbstract AtMostOneID UniqueFeatureNames UniqueOperationSignatures NoCircularSuperTypes WellFormedMapEntryClass ConsistentSuperTypes DisjointFeatureAndOperationSignatures). Falling back to ReflectiveItemProvider.
18487 [pool-1-thread-1] DEBUG n.n.s.k.t.e.EcoreToTreeDocumentModelMapper - Not sure how to name EObject org.eclipse.emf.ecore.impl.EAnnotationImpl@41f4f80 (source: http://www.eclipse.org/emf/2002/GenModel). Falling back to ReflectiveItemProvider.
18488 [pool-1-thread-1] DEBUG n.n.s.k.t.e.EcoreToTreeDocumentModelMapper - Not sure how to name EObject org.eclipse.emf.ecore.impl.EStringToStringMapEntryImpl@448059c7 (key: suppressedIsSetVisibility, value: true). Falling back to ReflectiveItemProvider.
18488 [pool-1-thread-1] DEBUG n.n.s.k.t.e.EcoreToTreeDocumentModelMapper - Not sure how to name EObject org.eclipse.emf.ecore.impl.EStringToStringMapEntryImpl@6339e6f9 (key: suppressedUnsetVisibility, value: true). Falling back to ReflectiveItemProvider.
18490 [pool-1-thread-1] DEBUG n.n.s.k.t.e.EcoreToTreeDocumentModelMapper - Not sure how to name EObject org.eclipse.emf.ecore.impl.EAnnotationImpl@2cc2d5f9 (source: http://www.eclipse.org/emf/2002/GenModel). Falling back to ReflectiveItemProvider.
18490 [pool-1-thread-1] DEBUG n.n.s.k.t.e.EcoreToTreeDocumentModelMapper - Not sure how to name EObject org.eclipse.emf.ecore.impl.EStringToStringMapEntryImpl@bc6f824 (key: suppressedIsSetVisibility, value: true). Falling back to ReflectiveItemProvider.
18491 [pool-1-thread-1] DEBUG n.n.s.k.t.e.EcoreToTreeDocumentModelMapper - Not sure how to name EObject org.eclipse.emf.ecore.impl.EStringToStringMapEntryImpl@100ff6ff (key: suppressedUnsetVisibility, value: true). Falling back to ReflectiveItemProvider.
18491 [pool-1-thread-1] DEBUG n.n.s.k.t.e.EcoreToTreeDocumentModelMapper - Not sure how to name EObject org.eclipse.emf.ecore.impl.EAnnotationImpl@38cc79a3 (source: http://www.eclipse.org/emf/2002/Ecore). Falling back to ReflectiveItemProvider.
18492 [pool-1-thread-1] DEBUG n.n.s.k.t.e.EcoreToTreeDocumentModelMapper - Not sure how to name EObject org.eclipse.emf.ecore.impl.EStringToStringMapEntryImpl@3dcfdb81 (key: constraints, value: WellFormedInstanceTypeName UniqueTypeParameterNames). Falling back to ReflectiveItemProvider.
18493 [pool-1-thread-1] DEBUG n.n.s.k.t.e.EcoreToTreeDocumentModelMapper - Not sure how to name EObject org.eclipse.emf.ecore.impl.EAnnotationImpl@5e92cf46 (source: http://www.eclipse.org/emf/2002/GenModel). Falling back to ReflectiveItemProvider.
18493 [pool-1-thread-1] DEBUG n.n.s.k.t.e.EcoreToTreeDocumentModelMapper - Not sure how to name EObject org.eclipse.emf.ecore.impl.EStringToStringMapEntryImpl@774b364d (key: suppressedIsSetVisibility, value: true). Falling back to ReflectiveItemProvider.
18493 [pool-1-thread-1] DEBUG n.n.s.k.t.e.EcoreToTreeDocumentModelMapper - Not sure how to name EObject org.eclipse.emf.ecore.impl.EStringToStringMapEntryImpl@6adebfb1 (key: suppressedUnsetVisibility, value: true). Falling back to ReflectiveItemProvider.
18494 [pool-1-thread-1] DEBUG n.n.s.k.t.e.EcoreToTreeDocumentModelMapper - Not sure how to name EObject org.eclipse.emf.ecore.impl.EAnnotationImpl@540526a8 (source: http://www.eclipse.org/emf/2002/GenModel). Falling back to ReflectiveItemProvider.
18494 [pool-1-thread-1] DEBUG n.n.s.k.t.e.EcoreToTreeDocumentModelMapper - Not sure how to name EObject org.eclipse.emf.ecore.impl.EStringToStringMapEntryImpl@2ca7d604 (key: suppressedIsSetVisibility, value: true). Falling back to ReflectiveItemProvider.
18495 [pool-1-thread-1] DEBUG n.n.s.k.t.e.EcoreToTreeDocumentModelMapper - Not sure how to name EObject org.eclipse.emf.ecore.impl.EStringToStringMapEntryImpl@737f2fc6 (key: suppressedUnsetVisibility, value: true). Falling back to ReflectiveItemProvider.
18496 [pool-1-thread-1] DEBUG n.n.s.k.t.e.EcoreToTreeDocumentModelMapper - Not sure how to name EObject org.eclipse.emf.ecore.impl.EAnnotationImpl@74750325 (source: http://www.eclipse.org/emf/2002/Ecore). Falling back to ReflectiveItemProvider.
18497 [pool-1-thread-1] DEBUG n.n.s.k.t.e.EcoreToTreeDocumentModelMapper - Not sure how to name EObject org.eclipse.emf.ecore.impl.EStringToStringMapEntryImpl@7c52ceb4 (key: constraints, value: UniqueEnumeratorNames UniqueEnumeratorLiterals). Falling back to ReflectiveItemProvider.
18501 [pool-1-thread-1] DEBUG n.n.s.k.t.e.EcoreToTreeDocumentModelMapper - Not sure how to name EObject org.eclipse.emf.ecore.impl.EAnnotationImpl@2579bb2b (source: http://www.eclipse.org/emf/2002/Ecore). Falling back to ReflectiveItemProvider.
18502 [pool-1-thread-1] DEBUG n.n.s.k.t.e.EcoreToTreeDocumentModelMapper - Not sure how to name EObject org.eclipse.emf.ecore.impl.EStringToStringMapEntryImpl@4cfa2074 (key: constraints, value: WellFormedName). Falling back to ReflectiveItemProvider.
18505 [pool-1-thread-1] DEBUG n.n.s.k.t.e.EcoreToTreeDocumentModelMapper - Not sure how to name EObject org.eclipse.emf.ecore.impl.EAnnotationImpl@3c94db96 (source: http://www.eclipse.org/emf/2002/Ecore). Falling back to ReflectiveItemProvider.
18506 [pool-1-thread-1] DEBUG n.n.s.k.t.e.EcoreToTreeDocumentModelMapper - Not sure how to name EObject org.eclipse.emf.ecore.impl.EStringToStringMapEntryImpl@72e9c40a (key: constraints, value: UniqueParameterNames UniqueTypeParameterNames NoRepeatingVoid). Falling back to ReflectiveItemProvider.
18507 [pool-1-thread-1] DEBUG n.n.s.k.t.e.EcoreToTreeDocumentModelMapper - Not sure how to name EObject org.eclipse.emf.ecore.impl.EAnnotationImpl@742ceb19 (source: http://www.eclipse.org/emf/2002/GenModel). Falling back to ReflectiveItemProvider.
18507 [pool-1-thread-1] DEBUG n.n.s.k.t.e.EcoreToTreeDocumentModelMapper - Not sure how to name EObject org.eclipse.emf.ecore.impl.EStringToStringMapEntryImpl@7e072f8a (key: suppressedIsSetVisibility, value: true). Falling back to ReflectiveItemProvider.
18507 [pool-1-thread-1] DEBUG n.n.s.k.t.e.EcoreToTreeDocumentModelMapper - Not sure how to name EObject org.eclipse.emf.ecore.impl.EStringToStringMapEntryImpl@1b1b199 (key: suppressedUnsetVisibility, value: true). Falling back to ReflectiveItemProvider.
18508 [pool-1-thread-1] DEBUG n.n.s.k.t.e.EcoreToTreeDocumentModelMapper - Not sure how to name EObject org.eclipse.emf.ecore.impl.EAnnotationImpl@580600c1 (source: http://www.eclipse.org/emf/2002/GenModel). Falling back to ReflectiveItemProvider.
18508 [pool-1-thread-1] DEBUG n.n.s.k.t.e.EcoreToTreeDocumentModelMapper - Not sure how to name EObject org.eclipse.emf.ecore.impl.EStringToStringMapEntryImpl@54374f21 (key: suppressedIsSetVisibility, value: true). Falling back to ReflectiveItemProvider.
18508 [pool-1-thread-1] DEBUG n.n.s.k.t.e.EcoreToTreeDocumentModelMapper - Not sure how to name EObject org.eclipse.emf.ecore.impl.EStringToStringMapEntryImpl@32874204 (key: suppressedUnsetVisibility, value: true). Falling back to ReflectiveItemProvider.
18509 [pool-1-thread-1] DEBUG n.n.s.k.t.e.EcoreToTreeDocumentModelMapper - Not sure how to name EObject org.eclipse.emf.ecore.impl.EAnnotationImpl@731b29ac (source: http://www.eclipse.org/emf/2002/Ecore). Falling back to ReflectiveItemProvider.
18509 [pool-1-thread-1] DEBUG n.n.s.k.t.e.EcoreToTreeDocumentModelMapper - Not sure how to name EObject org.eclipse.emf.ecore.impl.EStringToStringMapEntryImpl@68348cc8 (key: constraints, value: WellFormedNsURI WellFormedNsPrefix UniqueSubpackageNames UniqueClassifierNames UniqueNsURIs). Falling back to ReflectiveItemProvider.
18510 [pool-1-thread-1] DEBUG n.n.s.k.t.e.EcoreToTreeDocumentModelMapper - Not sure how to name EObject org.eclipse.emf.ecore.impl.EAnnotationImpl@7b9b127f (source: http://www.eclipse.org/emf/2002/Ecore). Falling back to ReflectiveItemProvider.
18511 [pool-1-thread-1] DEBUG n.n.s.k.t.e.EcoreToTreeDocumentModelMapper - Not sure how to name EObject org.eclipse.emf.ecore.impl.EStringToStringMapEntryImpl@3bd7062c (key: constraints, value: ConsistentOpposite SingleContainer ConsistentKeys ConsistentUnique ConsistentContainer). Falling back to ReflectiveItemProvider.
18512 [pool-1-thread-1] DEBUG n.n.s.k.t.e.EcoreToTreeDocumentModelMapper - Not sure how to name EObject org.eclipse.emf.ecore.impl.EAnnotationImpl@6735c84b (source: http://www.eclipse.org/emf/2002/Ecore). Falling back to ReflectiveItemProvider.
18512 [pool-1-thread-1] DEBUG n.n.s.k.t.e.EcoreToTreeDocumentModelMapper - Not sure how to name EObject org.eclipse.emf.ecore.impl.EStringToStringMapEntryImpl@14f2d4d (key: constraints, value: ValidDefaultValueLiteral). Falling back to ReflectiveItemProvider.
18513 [pool-1-thread-1] DEBUG n.n.s.k.t.e.EcoreToTreeDocumentModelMapper - Not sure how to name EObject org.eclipse.emf.ecore.impl.EAnnotationImpl@6b8f52bc (source: http://www.eclipse.org/emf/2002/Ecore). Falling back to ReflectiveItemProvider.
18514 [pool-1-thread-1] DEBUG n.n.s.k.t.e.EcoreToTreeDocumentModelMapper - Not sure how to name EObject org.eclipse.emf.ecore.impl.EStringToStringMapEntryImpl@2826f2dc (key: constraints, value: ValidLowerBound ValidUpperBound ConsistentBounds ValidType). Falling back to ReflectiveItemProvider.
18515 [pool-1-thread-1] DEBUG n.n.s.k.t.e.EcoreToTreeDocumentModelMapper - Not sure how to name EObject org.eclipse.emf.ecore.impl.EAnnotationImpl@3ee9dfa6 (source: http://www.eclipse.org/emf/2002/GenModel). Falling back to ReflectiveItemProvider.
18515 [pool-1-thread-1] DEBUG n.n.s.k.t.e.EcoreToTreeDocumentModelMapper - Not sure how to name EObject org.eclipse.emf.ecore.impl.EStringToStringMapEntryImpl@517e913d (key: suppressedIsSetVisibility, value: true). Falling back to ReflectiveItemProvider.
18516 [pool-1-thread-1] DEBUG n.n.s.k.t.e.EcoreToTreeDocumentModelMapper - Not sure how to name EObject org.eclipse.emf.ecore.impl.EStringToStringMapEntryImpl@2c5c7afb (key: suppressedUnsetVisibility, value: true). Falling back to ReflectiveItemProvider.
18516 [pool-1-thread-1] DEBUG n.n.s.k.t.e.EcoreToTreeDocumentModelMapper - Not sure how to name EObject org.eclipse.emf.ecore.impl.EAnnotationImpl@2d2f8590 (source: http://www.eclipse.org/emf/2002/GenModel). Falling back to ReflectiveItemProvider.
18517 [pool-1-thread-1] DEBUG n.n.s.k.t.e.EcoreToTreeDocumentModelMapper - Not sure how to name EObject org.eclipse.emf.ecore.impl.EStringToStringMapEntryImpl@626bb96c (key: suppressedIsSetVisibility, value: true). Falling back to ReflectiveItemProvider.
18517 [pool-1-thread-1] DEBUG n.n.s.k.t.e.EcoreToTreeDocumentModelMapper - Not sure how to name EObject org.eclipse.emf.ecore.impl.EStringToStringMapEntryImpl@55312ec6 (key: suppressedUnsetVisibility, value: true). Falling back to ReflectiveItemProvider.
18517 [pool-1-thread-1] DEBUG n.n.s.k.t.e.EcoreToTreeDocumentModelMapper - Not sure how to name EObject org.eclipse.emf.ecore.impl.EAnnotationImpl@7aceadd (source: http:///org/eclipse/emf/ecore/util/ExtendedMetaData). Falling back to ReflectiveItemProvider.
18517 [pool-1-thread-1] DEBUG n.n.s.k.t.e.EcoreToTreeDocumentModelMapper - Not sure how to name EObject org.eclipse.emf.ecore.impl.EStringToStringMapEntryImpl@64deeec4 (key: baseType, value: http://www.w3.org/2001/XMLSchema#decimal). Falling back to ReflectiveItemProvider.
18518 [pool-1-thread-1] DEBUG n.n.s.k.t.e.EcoreToTreeDocumentModelMapper - Not sure how to name EObject org.eclipse.emf.ecore.impl.EAnnotationImpl@20aca94d (source: http:///org/eclipse/emf/ecore/util/ExtendedMetaData). Falling back to ReflectiveItemProvider.
18518 [pool-1-thread-1] DEBUG n.n.s.k.t.e.EcoreToTreeDocumentModelMapper - Not sure how to name EObject org.eclipse.emf.ecore.impl.EStringToStringMapEntryImpl@40b64587 (key: baseType, value: http://www.w3.org/2001/XMLSchema#integer). Falling back to ReflectiveItemProvider.
18518 [pool-1-thread-1] DEBUG n.n.s.k.t.e.EcoreToTreeDocumentModelMapper - Not sure how to name EObject org.eclipse.emf.ecore.impl.EAnnotationImpl@66289c1e (source: http:///org/eclipse/emf/ecore/util/ExtendedMetaData). Falling back to ReflectiveItemProvider.
18518 [pool-1-thread-1] DEBUG n.n.s.k.t.e.EcoreToTreeDocumentModelMapper - Not sure how to name EObject org.eclipse.emf.ecore.impl.EStringToStringMapEntryImpl@230ba757 (key: baseType, value: http://www.w3.org/2001/XMLSchema#boolean). Falling back to ReflectiveItemProvider.
18519 [pool-1-thread-1] DEBUG n.n.s.k.t.e.EcoreToTreeDocumentModelMapper - Not sure how to name EObject org.eclipse.emf.ecore.impl.EAnnotationImpl@6b087c88 (source: http:///org/eclipse/emf/ecore/util/ExtendedMetaData). Falling back to ReflectiveItemProvider.
18519 [pool-1-thread-1] DEBUG n.n.s.k.t.e.EcoreToTreeDocumentModelMapper - Not sure how to name EObject org.eclipse.emf.ecore.impl.EStringToStringMapEntryImpl@4962d59b (key: baseType, value: EBoolean). Falling back to ReflectiveItemProvider.
18519 [pool-1-thread-1] DEBUG n.n.s.k.t.e.EcoreToTreeDocumentModelMapper - Not sure how to name EObject org.eclipse.emf.ecore.impl.EStringToStringMapEntryImpl@372de2ff (key: name, value: EBoolean:Object). Falling back to ReflectiveItemProvider.
18519 [pool-1-thread-1] DEBUG n.n.s.k.t.e.EcoreToTreeDocumentModelMapper - Not sure how to name EObject org.eclipse.emf.ecore.impl.EAnnotationImpl@54674ad2 (source: http:///org/eclipse/emf/ecore/util/ExtendedMetaData). Falling back to ReflectiveItemProvider.
18519 [pool-1-thread-1] DEBUG n.n.s.k.t.e.EcoreToTreeDocumentModelMapper - Not sure how to name EObject org.eclipse.emf.ecore.impl.EStringToStringMapEntryImpl@b7683c8 (key: baseType, value: http://www.w3.org/2001/XMLSchema#byte). Falling back to ReflectiveItemProvider.
18519 [pool-1-thread-1] DEBUG n.n.s.k.t.e.EcoreToTreeDocumentModelMapper - Not sure how to name EObject org.eclipse.emf.ecore.impl.EAnnotationImpl@33f8b1c6 (source: http:///org/eclipse/emf/ecore/util/ExtendedMetaData). Falling back to ReflectiveItemProvider.
18520 [pool-1-thread-1] DEBUG n.n.s.k.t.e.EcoreToTreeDocumentModelMapper - Not sure how to name EObject org.eclipse.emf.ecore.impl.EStringToStringMapEntryImpl@5da75cb1 (key: baseType, value: http://www.w3.org/2001/XMLSchema#hexBinary). Falling back to ReflectiveItemProvider.
18520 [pool-1-thread-1] DEBUG n.n.s.k.t.e.EcoreToTreeDocumentModelMapper - Not sure how to name EObject org.eclipse.emf.ecore.impl.EAnnotationImpl@14005cb9 (source: http:///org/eclipse/emf/ecore/util/ExtendedMetaData). Falling back to ReflectiveItemProvider.
18520 [pool-1-thread-1] DEBUG n.n.s.k.t.e.EcoreToTreeDocumentModelMapper - Not sure how to name EObject org.eclipse.emf.ecore.impl.EStringToStringMapEntryImpl@6280b97e (key: baseType, value: EByte). Falling back to ReflectiveItemProvider.
18520 [pool-1-thread-1] DEBUG n.n.s.k.t.e.EcoreToTreeDocumentModelMapper - Not sure how to name EObject org.eclipse.emf.ecore.impl.EStringToStringMapEntryImpl@5a5234b (key: name, value: EByte:Object). Falling back to ReflectiveItemProvider.
18520 [pool-1-thread-1] DEBUG n.n.s.k.t.e.EcoreToTreeDocumentModelMapper - Not sure how to name EObject org.eclipse.emf.ecore.impl.EAnnotationImpl@110fdea9 (source: http:///org/eclipse/emf/ecore/util/ExtendedMetaData). Falling back to ReflectiveItemProvider.
18521 [pool-1-thread-1] DEBUG n.n.s.k.t.e.EcoreToTreeDocumentModelMapper - Not sure how to name EObject org.eclipse.emf.ecore.impl.EStringToStringMapEntryImpl@3d9c18b8 (key: baseType, value: EChar). Falling back to ReflectiveItemProvider.
18521 [pool-1-thread-1] DEBUG n.n.s.k.t.e.EcoreToTreeDocumentModelMapper - Not sure how to name EObject org.eclipse.emf.ecore.impl.EStringToStringMapEntryImpl@5852e321 (key: name, value: EChar:Object). Falling back to ReflectiveItemProvider.
18521 [pool-1-thread-1] DEBUG n.n.s.k.t.e.EcoreToTreeDocumentModelMapper - Not sure how to name EObject org.eclipse.emf.ecore.impl.EAnnotationImpl@4d1e0b47 (source: http:///org/eclipse/emf/ecore/util/ExtendedMetaData). Falling back to ReflectiveItemProvider.
18521 [pool-1-thread-1] DEBUG n.n.s.k.t.e.EcoreToTreeDocumentModelMapper - Not sure how to name EObject org.eclipse.emf.ecore.impl.EStringToStringMapEntryImpl@27249154 (key: baseType, value: http://www.w3.org/2001/XMLSchema#double). Falling back to ReflectiveItemProvider.
18521 [pool-1-thread-1] DEBUG n.n.s.k.t.e.EcoreToTreeDocumentModelMapper - Not sure how to name EObject org.eclipse.emf.ecore.impl.EAnnotationImpl@5e0dc682 (source: http:///org/eclipse/emf/ecore/util/ExtendedMetaData). Falling back to ReflectiveItemProvider.
18521 [pool-1-thread-1] DEBUG n.n.s.k.t.e.EcoreToTreeDocumentModelMapper - Not sure how to name EObject org.eclipse.emf.ecore.impl.EStringToStringMapEntryImpl@63f4aa37 (key: baseType, value: EDouble). Falling back to ReflectiveItemProvider.
18522 [pool-1-thread-1] DEBUG n.n.s.k.t.e.EcoreToTreeDocumentModelMapper - Not sure how to name EObject org.eclipse.emf.ecore.impl.EStringToStringMapEntryImpl@6059392c (key: name, value: EDouble:Object). Falling back to ReflectiveItemProvider.
18522 [pool-1-thread-1] DEBUG n.n.s.k.t.e.EcoreToTreeDocumentModelMapper - Not sure how to name EObject org.eclipse.emf.ecore.impl.EAnnotationImpl@483d2a5c (source: http:///org/eclipse/emf/ecore/util/ExtendedMetaData). Falling back to ReflectiveItemProvider.
18522 [pool-1-thread-1] DEBUG n.n.s.k.t.e.EcoreToTreeDocumentModelMapper - Not sure how to name EObject org.eclipse.emf.ecore.impl.EStringToStringMapEntryImpl@584523ff (key: baseType, value: http://www.w3.org/2001/XMLSchema#float). Falling back to ReflectiveItemProvider.
18522 [pool-1-thread-1] DEBUG n.n.s.k.t.e.EcoreToTreeDocumentModelMapper - Not sure how to name EObject org.eclipse.emf.ecore.impl.EAnnotationImpl@2342d46a (source: http:///org/eclipse/emf/ecore/util/ExtendedMetaData). Falling back to ReflectiveItemProvider.
18522 [pool-1-thread-1] DEBUG n.n.s.k.t.e.EcoreToTreeDocumentModelMapper - Not sure how to name EObject org.eclipse.emf.ecore.impl.EStringToStringMapEntryImpl@20c7594 (key: baseType, value: EFloat). Falling back to ReflectiveItemProvider.
18523 [pool-1-thread-1] DEBUG n.n.s.k.t.e.EcoreToTreeDocumentModelMapper - Not sure how to name EObject org.eclipse.emf.ecore.impl.EStringToStringMapEntryImpl@7327f4f1 (key: name, value: EFloat:Object). Falling back to ReflectiveItemProvider.
18523 [pool-1-thread-1] DEBUG n.n.s.k.t.e.EcoreToTreeDocumentModelMapper - Not sure how to name EObject org.eclipse.emf.ecore.impl.EAnnotationImpl@6e678cc6 (source: http:///org/eclipse/emf/ecore/util/ExtendedMetaData). Falling back to ReflectiveItemProvider.
18523 [pool-1-thread-1] DEBUG n.n.s.k.t.e.EcoreToTreeDocumentModelMapper - Not sure how to name EObject org.eclipse.emf.ecore.impl.EStringToStringMapEntryImpl@fa6f44b (key: baseType, value: http://www.w3.org/2001/XMLSchema#int). Falling back to ReflectiveItemProvider.
18523 [pool-1-thread-1] DEBUG n.n.s.k.t.e.EcoreToTreeDocumentModelMapper - Not sure how to name EObject org.eclipse.emf.ecore.impl.EAnnotationImpl@70fb213 (source: http:///org/eclipse/emf/ecore/util/ExtendedMetaData). Falling back to ReflectiveItemProvider.
18523 [pool-1-thread-1] DEBUG n.n.s.k.t.e.EcoreToTreeDocumentModelMapper - Not sure how to name EObject org.eclipse.emf.ecore.impl.EStringToStringMapEntryImpl@555c1f88 (key: baseType, value: EInt). Falling back to ReflectiveItemProvider.
18523 [pool-1-thread-1] DEBUG n.n.s.k.t.e.EcoreToTreeDocumentModelMapper - Not sure how to name EObject org.eclipse.emf.ecore.impl.EStringToStringMapEntryImpl@6d60adc4 (key: name, value: EInt:Object). Falling back to ReflectiveItemProvider.
18524 [pool-1-thread-1] DEBUG n.n.s.k.t.e.EcoreToTreeDocumentModelMapper - Not sure how to name EObject org.eclipse.emf.ecore.impl.EAnnotationImpl@273ed5e5 (source: http:///org/eclipse/emf/ecore/util/ExtendedMetaData). Falling back to ReflectiveItemProvider.
18524 [pool-1-thread-1] DEBUG n.n.s.k.t.e.EcoreToTreeDocumentModelMapper - Not sure how to name EObject org.eclipse.emf.ecore.impl.EStringToStringMapEntryImpl@ea3d512 (key: baseType, value: http://www.w3.org/2001/XMLSchema#long). Falling back to ReflectiveItemProvider.
18524 [pool-1-thread-1] DEBUG n.n.s.k.t.e.EcoreToTreeDocumentModelMapper - Not sure how to name EObject org.eclipse.emf.ecore.impl.EAnnotationImpl@52b2736f (source: http:///org/eclipse/emf/ecore/util/ExtendedMetaData). Falling back to ReflectiveItemProvider.
18525 [pool-1-thread-1] DEBUG n.n.s.k.t.e.EcoreToTreeDocumentModelMapper - Not sure how to name EObject org.eclipse.emf.ecore.impl.EStringToStringMapEntryImpl@3720521 (key: baseType, value: ELong). Falling back to ReflectiveItemProvider.
18525 [pool-1-thread-1] DEBUG n.n.s.k.t.e.EcoreToTreeDocumentModelMapper - Not sure how to name EObject org.eclipse.emf.ecore.impl.EStringToStringMapEntryImpl@13695b18 (key: name, value: ELong:Object). Falling back to ReflectiveItemProvider.
18526 [pool-1-thread-1] DEBUG n.n.s.k.t.e.EcoreToTreeDocumentModelMapper - Not sure how to name EObject org.eclipse.emf.ecore.impl.EAnnotationImpl@6a7f5563 (source: http:///org/eclipse/emf/ecore/util/ExtendedMetaData). Falling back to ReflectiveItemProvider.
18526 [pool-1-thread-1] DEBUG n.n.s.k.t.e.EcoreToTreeDocumentModelMapper - Not sure how to name EObject org.eclipse.emf.ecore.impl.EStringToStringMapEntryImpl@63c35af4 (key: baseType, value: http://www.w3.org/2001/XMLSchema#short). Falling back to ReflectiveItemProvider.
18526 [pool-1-thread-1] DEBUG n.n.s.k.t.e.EcoreToTreeDocumentModelMapper - Not sure how to name EObject org.eclipse.emf.ecore.impl.EAnnotationImpl@3f557c85 (source: http:///org/eclipse/emf/ecore/util/ExtendedMetaData). Falling back to ReflectiveItemProvider.
18526 [pool-1-thread-1] DEBUG n.n.s.k.t.e.EcoreToTreeDocumentModelMapper - Not sure how to name EObject org.eclipse.emf.ecore.impl.EStringToStringMapEntryImpl@2f91e241 (key: baseType, value: EShort). Falling back to ReflectiveItemProvider.
18527 [pool-1-thread-1] DEBUG n.n.s.k.t.e.EcoreToTreeDocumentModelMapper - Not sure how to name EObject org.eclipse.emf.ecore.impl.EStringToStringMapEntryImpl@567c09bd (key: name, value: EShort:Object). Falling back to ReflectiveItemProvider.
18527 [pool-1-thread-1] DEBUG n.n.s.k.t.e.EcoreToTreeDocumentModelMapper - Not sure how to name EObject org.eclipse.emf.ecore.impl.EAnnotationImpl@7f98d5b (source: http:///org/eclipse/emf/ecore/util/ExtendedMetaData). Falling back to ReflectiveItemProvider.
18527 [pool-1-thread-1] DEBUG n.n.s.k.t.e.EcoreToTreeDocumentModelMapper - Not sure how to name EObject org.eclipse.emf.ecore.impl.EStringToStringMapEntryImpl@27dae40f (key: baseType, value: http://www.w3.org/2001/XMLSchema#string). Falling back to ReflectiveItemProvider.
18528 [pool-1-thread-1] DEBUG n.n.s.k.t.e.EcoreToTreeDocumentModelMapper - Not sure how to name EObject org.eclipse.emf.ecore.impl.EAnnotationImpl@5211f813 (source: http://www.eclipse.org/emf/2002/Ecore). Falling back to ReflectiveItemProvider.
18528 [pool-1-thread-1] DEBUG n.n.s.k.t.e.EcoreToTreeDocumentModelMapper - Not sure how to name EObject org.eclipse.emf.ecore.impl.EStringToStringMapEntryImpl@6c75d44c (key: constraints, value: ConsistentType ConsistentBounds ConsistentArguments). Falling back to ReflectiveItemProvider.
18530 [pool-1-thread-1] DEBUG n.n.s.k.t.e.EmfTreeModelController - Model for 'file:/c:/Dev/Master/vscode-ecore-tree-editor/vscode-ecore-tree-editor-extension/examples/Ecore.ecore' mapped to 1 root(s).
20785 [pool-1-thread-1] DEBUG n.n.s.k.t.e.EmfTreeModelController - Getting model for 'file:///c%3A/Dev/Master/vscode-ecore-tree-editor/vscode-ecore-tree-editor-extension/examples/MyTest.ecore'
20785 [pool-1-thread-1] DEBUG n.n.s.k.t.e.EmfTreeModelController - Model for 'file:/c:/Dev/Master/vscode-ecore-tree-editor/vscode-ecore-tree-editor-extension/examples/MyTest.ecore' mapped to 1 root(s).
82414 [pool-1-thread-1] DEBUG n.n.s.k.t.e.EmfTreeModelController - Getting model for 'file:///c%3A/Dev/Master/vscode-ecore-tree-editor/vscode-ecore-tree-editor-extension/examples/Ecore.ecore'
82415 [pool-1-thread-1] DEBUG n.n.s.k.t.e.EcoreToTreeDocumentModelMapper - Not sure how to name EObject org.eclipse.emf.ecore.impl.EAnnotationImpl@73530c87 (source: http://www.eclipse.org/emf/2002/Ecore). Falling back to ReflectiveItemProvider.
82416 [pool-1-thread-1] DEBUG n.n.s.k.t.e.EcoreToTreeDocumentModelMapper - Not sure how to name EObject org.eclipse.emf.ecore.impl.EStringToStringMapEntryImpl@32ecaf50 (key: constraints, value: ConsistentTransient). Falling back to ReflectiveItemProvider.
82417 [pool-1-thread-1] DEBUG n.n.s.k.t.e.EcoreToTreeDocumentModelMapper - Not sure how to name EObject org.eclipse.emf.ecore.impl.EAnnotationImpl@44535ed1 (source: http://www.eclipse.org/emf/2002/Ecore). Falling back to ReflectiveItemProvider.
82417 [pool-1-thread-1] DEBUG n.n.s.k.t.e.EcoreToTreeDocumentModelMapper - Not sure how to name EObject org.eclipse.emf.ecore.impl.EStringToStringMapEntryImpl@70b2117c (key: constraints, value: WellFormed WellFormedSourceURI). Falling back to ReflectiveItemProvider.
82419 [pool-1-thread-1] DEBUG n.n.s.k.t.e.EcoreToTreeDocumentModelMapper - Not sure how to name EObject org.eclipse.emf.ecore.impl.EAnnotationImpl@54ae5a70 (source: http://www.eclipse.org/emf/2002/Ecore). Falling back to ReflectiveItemProvider.
82419 [pool-1-thread-1] DEBUG n.n.s.k.t.e.EcoreToTreeDocumentModelMapper - Not sure how to name EObject org.eclipse.emf.ecore.impl.EStringToStringMapEntryImpl@e95d6da (key: constraints, value: InterfaceIsAbstract AtMostOneID UniqueFeatureNames UniqueOperationSignatures NoCircularSuperTypes WellFormedMapEntryClass ConsistentSuperTypes DisjointFeatureAndOperationSignatures). Falling back to ReflectiveItemProvider.
82421 [pool-1-thread-1] DEBUG n.n.s.k.t.e.EcoreToTreeDocumentModelMapper - Not sure how to name EObject org.eclipse.emf.ecore.impl.EAnnotationImpl@41f4f80 (source: http://www.eclipse.org/emf/2002/GenModel). Falling back to ReflectiveItemProvider.
82421 [pool-1-thread-1] DEBUG n.n.s.k.t.e.EcoreToTreeDocumentModelMapper - Not sure how to name EObject org.eclipse.emf.ecore.impl.EStringToStringMapEntryImpl@448059c7 (key: suppressedIsSetVisibility, value: true). Falling back to ReflectiveItemProvider.
82421 [pool-1-thread-1] DEBUG n.n.s.k.t.e.EcoreToTreeDocumentModelMapper - Not sure how to name EObject org.eclipse.emf.ecore.impl.EStringToStringMapEntryImpl@6339e6f9 (key: suppressedUnsetVisibility, value: true). Falling back to ReflectiveItemProvider.
82423 [pool-1-thread-1] DEBUG n.n.s.k.t.e.EcoreToTreeDocumentModelMapper - Not sure how to name EObject org.eclipse.emf.ecore.impl.EAnnotationImpl@2cc2d5f9 (source: http://www.eclipse.org/emf/2002/GenModel). Falling back to ReflectiveItemProvider.
82423 [pool-1-thread-1] DEBUG n.n.s.k.t.e.EcoreToTreeDocumentModelMapper - Not sure how to name EObject org.eclipse.emf.ecore.impl.EStringToStringMapEntryImpl@bc6f824 (key: suppressedIsSetVisibility, value: true). Falling back to ReflectiveItemProvider.
82423 [pool-1-thread-1] DEBUG n.n.s.k.t.e.EcoreToTreeDocumentModelMapper - Not sure how to name EObject org.eclipse.emf.ecore.impl.EStringToStringMapEntryImpl@100ff6ff (key: suppressedUnsetVisibility, value: true). Falling back to ReflectiveItemProvider.
82423 [pool-1-thread-1] DEBUG n.n.s.k.t.e.EcoreToTreeDocumentModelMapper - Not sure how to name EObject org.eclipse.emf.ecore.impl.EAnnotationImpl@38cc79a3 (source: http://www.eclipse.org/emf/2002/Ecore). Falling back to ReflectiveItemProvider.
82424 [pool-1-thread-1] DEBUG n.n.s.k.t.e.EcoreToTreeDocumentModelMapper - Not sure how to name EObject org.eclipse.emf.ecore.impl.EStringToStringMapEntryImpl@3dcfdb81 (key: constraints, value: WellFormedInstanceTypeName UniqueTypeParameterNames). Falling back to ReflectiveItemProvider.
82424 [pool-1-thread-1] DEBUG n.n.s.k.t.e.EcoreToTreeDocumentModelMapper - Not sure how to name EObject org.eclipse.emf.ecore.impl.EAnnotationImpl@5e92cf46 (source: http://www.eclipse.org/emf/2002/GenModel). Falling back to ReflectiveItemProvider.
82424 [pool-1-thread-1] DEBUG n.n.s.k.t.e.EcoreToTreeDocumentModelMapper - Not sure how to name EObject org.eclipse.emf.ecore.impl.EStringToStringMapEntryImpl@774b364d (key: suppressedIsSetVisibility, value: true). Falling back to ReflectiveItemProvider.
82424 [pool-1-thread-1] DEBUG n.n.s.k.t.e.EcoreToTreeDocumentModelMapper - Not sure how to name EObject org.eclipse.emf.ecore.impl.EStringToStringMapEntryImpl@6adebfb1 (key: suppressedUnsetVisibility, value: true). Falling back to ReflectiveItemProvider.
82425 [pool-1-thread-1] DEBUG n.n.s.k.t.e.EcoreToTreeDocumentModelMapper - Not sure how to name EObject org.eclipse.emf.ecore.impl.EAnnotationImpl@540526a8 (source: http://www.eclipse.org/emf/2002/GenModel). Falling back to ReflectiveItemProvider.
82425 [pool-1-thread-1] DEBUG n.n.s.k.t.e.EcoreToTreeDocumentModelMapper - Not sure how to name EObject org.eclipse.emf.ecore.impl.EStringToStringMapEntryImpl@2ca7d604 (key: suppressedIsSetVisibility, value: true). Falling back to ReflectiveItemProvider.
82426 [pool-1-thread-1] DEBUG n.n.s.k.t.e.EcoreToTreeDocumentModelMapper - Not sure how to name EObject org.eclipse.emf.ecore.impl.EStringToStringMapEntryImpl@737f2fc6 (key: suppressedUnsetVisibility, value: true). Falling back to ReflectiveItemProvider.
82426 [pool-1-thread-1] DEBUG n.n.s.k.t.e.EcoreToTreeDocumentModelMapper - Not sure how to name EObject org.eclipse.emf.ecore.impl.EAnnotationImpl@74750325 (source: http://www.eclipse.org/emf/2002/Ecore). Falling back to ReflectiveItemProvider.
82427 [pool-1-thread-1] DEBUG n.n.s.k.t.e.EcoreToTreeDocumentModelMapper - Not sure how to name EObject org.eclipse.emf.ecore.impl.EStringToStringMapEntryImpl@7c52ceb4 (key: constraints, value: UniqueEnumeratorNames UniqueEnumeratorLiterals). Falling back to ReflectiveItemProvider.
82431 [pool-1-thread-1] DEBUG n.n.s.k.t.e.EcoreToTreeDocumentModelMapper - Not sure how to name EObject org.eclipse.emf.ecore.impl.EAnnotationImpl@2579bb2b (source: http://www.eclipse.org/emf/2002/Ecore). Falling back to ReflectiveItemProvider.
82431 [pool-1-thread-1] DEBUG n.n.s.k.t.e.EcoreToTreeDocumentModelMapper - Not sure how to name EObject org.eclipse.emf.ecore.impl.EStringToStringMapEntryImpl@4cfa2074 (key: constraints, value: WellFormedName). Falling back to ReflectiveItemProvider.
82434 [pool-1-thread-1] DEBUG n.n.s.k.t.e.EcoreToTreeDocumentModelMapper - Not sure how to name EObject org.eclipse.emf.ecore.impl.EAnnotationImpl@3c94db96 (source: http://www.eclipse.org/emf/2002/Ecore). Falling back to ReflectiveItemProvider.
82435 [pool-1-thread-1] DEBUG n.n.s.k.t.e.EcoreToTreeDocumentModelMapper - Not sure how to name EObject org.eclipse.emf.ecore.impl.EStringToStringMapEntryImpl@72e9c40a (key: constraints, value: UniqueParameterNames UniqueTypeParameterNames NoRepeatingVoid). Falling back to ReflectiveItemProvider.
82436 [pool-1-thread-1] DEBUG n.n.s.k.t.e.EcoreToTreeDocumentModelMapper - Not sure how to name EObject org.eclipse.emf.ecore.impl.EAnnotationImpl@742ceb19 (source: http://www.eclipse.org/emf/2002/GenModel). Falling back to ReflectiveItemProvider.
82436 [pool-1-thread-1] DEBUG n.n.s.k.t.e.EcoreToTreeDocumentModelMapper - Not sure how to name EObject org.eclipse.emf.ecore.impl.EStringToStringMapEntryImpl@7e072f8a (key: suppressedIsSetVisibility, value: true). Falling back to ReflectiveItemProvider.
82437 [pool-1-thread-1] DEBUG n.n.s.k.t.e.EcoreToTreeDocumentModelMapper - Not sure how to name EObject org.eclipse.emf.ecore.impl.EStringToStringMapEntryImpl@1b1b199 (key: suppressedUnsetVisibility, value: true). Falling back to ReflectiveItemProvider.
82437 [pool-1-thread-1] DEBUG n.n.s.k.t.e.EcoreToTreeDocumentModelMapper - Not sure how to name EObject org.eclipse.emf.ecore.impl.EAnnotationImpl@580600c1 (source: http://www.eclipse.org/emf/2002/GenModel). Falling back to ReflectiveItemProvider.
82437 [pool-1-thread-1] DEBUG n.n.s.k.t.e.EcoreToTreeDocumentModelMapper - Not sure how to name EObject org.eclipse.emf.ecore.impl.EStringToStringMapEntryImpl@54374f21 (key: suppressedIsSetVisibility, value: true). Falling back to ReflectiveItemProvider.
82437 [pool-1-thread-1] DEBUG n.n.s.k.t.e.EcoreToTreeDocumentModelMapper - Not sure how to name EObject org.eclipse.emf.ecore.impl.EStringToStringMapEntryImpl@32874204 (key: suppressedUnsetVisibility, value: true). Falling back to ReflectiveItemProvider.
82438 [pool-1-thread-1] DEBUG n.n.s.k.t.e.EcoreToTreeDocumentModelMapper - Not sure how to name EObject org.eclipse.emf.ecore.impl.EAnnotationImpl@731b29ac (source: http://www.eclipse.org/emf/2002/Ecore). Falling back to ReflectiveItemProvider.
82438 [pool-1-thread-1] DEBUG n.n.s.k.t.e.EcoreToTreeDocumentModelMapper - Not sure how to name EObject org.eclipse.emf.ecore.impl.EStringToStringMapEntryImpl@68348cc8 (key: constraints, value: WellFormedNsURI WellFormedNsPrefix UniqueSubpackageNames UniqueClassifierNames UniqueNsURIs). Falling back to ReflectiveItemProvider.
82439 [pool-1-thread-1] DEBUG n.n.s.k.t.e.EcoreToTreeDocumentModelMapper - Not sure how to name EObject org.eclipse.emf.ecore.impl.EAnnotationImpl@7b9b127f (source: http://www.eclipse.org/emf/2002/Ecore). Falling back to ReflectiveItemProvider.
82439 [pool-1-thread-1] DEBUG n.n.s.k.t.e.EcoreToTreeDocumentModelMapper - Not sure how to name EObject org.eclipse.emf.ecore.impl.EStringToStringMapEntryImpl@3bd7062c (key: constraints, value: ConsistentOpposite SingleContainer ConsistentKeys ConsistentUnique ConsistentContainer). Falling back to ReflectiveItemProvider.
82440 [pool-1-thread-1] DEBUG n.n.s.k.t.e.EcoreToTreeDocumentModelMapper - Not sure how to name EObject org.eclipse.emf.ecore.impl.EAnnotationImpl@6735c84b (source: http://www.eclipse.org/emf/2002/Ecore). Falling back to ReflectiveItemProvider.
82440 [pool-1-thread-1] DEBUG n.n.s.k.t.e.EcoreToTreeDocumentModelMapper - Not sure how to name EObject org.eclipse.emf.ecore.impl.EStringToStringMapEntryImpl@14f2d4d (key: constraints, value: ValidDefaultValueLiteral). Falling back to ReflectiveItemProvider.
82441 [pool-1-thread-1] DEBUG n.n.s.k.t.e.EcoreToTreeDocumentModelMapper - Not sure how to name EObject org.eclipse.emf.ecore.impl.EAnnotationImpl@6b8f52bc (source: http://www.eclipse.org/emf/2002/Ecore). Falling back to ReflectiveItemProvider.
82441 [pool-1-thread-1] DEBUG n.n.s.k.t.e.EcoreToTreeDocumentModelMapper - Not sure how to name EObject org.eclipse.emf.ecore.impl.EStringToStringMapEntryImpl@2826f2dc (key: constraints, value: ValidLowerBound ValidUpperBound ConsistentBounds ValidType). Falling back to ReflectiveItemProvider.
82441 [pool-1-thread-1] DEBUG n.n.s.k.t.e.EcoreToTreeDocumentModelMapper - Not sure how to name EObject org.eclipse.emf.ecore.impl.EAnnotationImpl@3ee9dfa6 (source: http://www.eclipse.org/emf/2002/GenModel). Falling back to ReflectiveItemProvider.
82441 [pool-1-thread-1] DEBUG n.n.s.k.t.e.EcoreToTreeDocumentModelMapper - Not sure how to name EObject org.eclipse.emf.ecore.impl.EStringToStringMapEntryImpl@517e913d (key: suppressedIsSetVisibility, value: true). Falling back to ReflectiveItemProvider.
82441 [pool-1-thread-1] DEBUG n.n.s.k.t.e.EcoreToTreeDocumentModelMapper - Not sure how to name EObject org.eclipse.emf.ecore.impl.EStringToStringMapEntryImpl@2c5c7afb (key: suppressedUnsetVisibility, value: true). Falling back to ReflectiveItemProvider.
82442 [pool-1-thread-1] DEBUG n.n.s.k.t.e.EcoreToTreeDocumentModelMapper - Not sure how to name EObject org.eclipse.emf.ecore.impl.EAnnotationImpl@2d2f8590 (source: http://www.eclipse.org/emf/2002/GenModel). Falling back to ReflectiveItemProvider.
82442 [pool-1-thread-1] DEBUG n.n.s.k.t.e.EcoreToTreeDocumentModelMapper - Not sure how to name EObject org.eclipse.emf.ecore.impl.EStringToStringMapEntryImpl@626bb96c (key: suppressedIsSetVisibility, value: true). Falling back to ReflectiveItemProvider.
82442 [pool-1-thread-1] DEBUG n.n.s.k.t.e.EcoreToTreeDocumentModelMapper - Not sure how to name EObject org.eclipse.emf.ecore.impl.EStringToStringMapEntryImpl@55312ec6 (key: suppressedUnsetVisibility, value: true). Falling back to ReflectiveItemProvider.
82442 [pool-1-thread-1] DEBUG n.n.s.k.t.e.EcoreToTreeDocumentModelMapper - Not sure how to name EObject org.eclipse.emf.ecore.impl.EAnnotationImpl@7aceadd (source: http:///org/eclipse/emf/ecore/util/ExtendedMetaData). Falling back to ReflectiveItemProvider.
82443 [pool-1-thread-1] DEBUG n.n.s.k.t.e.EcoreToTreeDocumentModelMapper - Not sure how to name EObject org.eclipse.emf.ecore.impl.EStringToStringMapEntryImpl@64deeec4 (key: baseType, value: http://www.w3.org/2001/XMLSchema#decimal). Falling back to ReflectiveItemProvider.
82443 [pool-1-thread-1] DEBUG n.n.s.k.t.e.EcoreToTreeDocumentModelMapper - Not sure how to name EObject org.eclipse.emf.ecore.impl.EAnnotationImpl@20aca94d (source: http:///org/eclipse/emf/ecore/util/ExtendedMetaData). Falling back to ReflectiveItemProvider.
82443 [pool-1-thread-1] DEBUG n.n.s.k.t.e.EcoreToTreeDocumentModelMapper - Not sure how to name EObject org.eclipse.emf.ecore.impl.EStringToStringMapEntryImpl@40b64587 (key: baseType, value: http://www.w3.org/2001/XMLSchema#integer). Falling back to ReflectiveItemProvider.
82443 [pool-1-thread-1] DEBUG n.n.s.k.t.e.EcoreToTreeDocumentModelMapper - Not sure how to name EObject org.eclipse.emf.ecore.impl.EAnnotationImpl@66289c1e (source: http:///org/eclipse/emf/ecore/util/ExtendedMetaData). Falling back to ReflectiveItemProvider.
82443 [pool-1-thread-1] DEBUG n.n.s.k.t.e.EcoreToTreeDocumentModelMapper - Not sure how to name EObject org.eclipse.emf.ecore.impl.EStringToStringMapEntryImpl@230ba757 (key: baseType, value: http://www.w3.org/2001/XMLSchema#boolean). Falling back to ReflectiveItemProvider.
82444 [pool-1-thread-1] DEBUG n.n.s.k.t.e.EcoreToTreeDocumentModelMapper - Not sure how to name EObject org.eclipse.emf.ecore.impl.EAnnotationImpl@6b087c88 (source: http:///org/eclipse/emf/ecore/util/ExtendedMetaData). Falling back to ReflectiveItemProvider.
82444 [pool-1-thread-1] DEBUG n.n.s.k.t.e.EcoreToTreeDocumentModelMapper - Not sure how to name EObject org.eclipse.emf.ecore.impl.EStringToStringMapEntryImpl@4962d59b (key: baseType, value: EBoolean). Falling back to ReflectiveItemProvider.
82444 [pool-1-thread-1] DEBUG n.n.s.k.t.e.EcoreToTreeDocumentModelMapper - Not sure how to name EObject org.eclipse.emf.ecore.impl.EStringToStringMapEntryImpl@372de2ff (key: name, value: EBoolean:Object). Falling back to ReflectiveItemProvider.
82444 [pool-1-thread-1] DEBUG n.n.s.k.t.e.EcoreToTreeDocumentModelMapper - Not sure how to name EObject org.eclipse.emf.ecore.impl.EAnnotationImpl@54674ad2 (source: http:///org/eclipse/emf/ecore/util/ExtendedMetaData). Falling back to ReflectiveItemProvider.
82444 [pool-1-thread-1] DEBUG n.n.s.k.t.e.EcoreToTreeDocumentModelMapper - Not sure how to name EObject org.eclipse.emf.ecore.impl.EStringToStringMapEntryImpl@b7683c8 (key: baseType, value: http://www.w3.org/2001/XMLSchema#byte). Falling back to ReflectiveItemProvider.
82445 [pool-1-thread-1] DEBUG n.n.s.k.t.e.EcoreToTreeDocumentModelMapper - Not sure how to name EObject org.eclipse.emf.ecore.impl.EAnnotationImpl@33f8b1c6 (source: http:///org/eclipse/emf/ecore/util/ExtendedMetaData). Falling back to ReflectiveItemProvider.
82445 [pool-1-thread-1] DEBUG n.n.s.k.t.e.EcoreToTreeDocumentModelMapper - Not sure how to name EObject org.eclipse.emf.ecore.impl.EStringToStringMapEntryImpl@5da75cb1 (key: baseType, value: http://www.w3.org/2001/XMLSchema#hexBinary). Falling back to ReflectiveItemProvider.
82445 [pool-1-thread-1] DEBUG n.n.s.k.t.e.EcoreToTreeDocumentModelMapper - Not sure how to name EObject org.eclipse.emf.ecore.impl.EAnnotationImpl@14005cb9 (source: http:///org/eclipse/emf/ecore/util/ExtendedMetaData). Falling back to ReflectiveItemProvider.
82445 [pool-1-thread-1] DEBUG n.n.s.k.t.e.EcoreToTreeDocumentModelMapper - Not sure how to name EObject org.eclipse.emf.ecore.impl.EStringToStringMapEntryImpl@6280b97e (key: baseType, value: EByte). Falling back to ReflectiveItemProvider.
82445 [pool-1-thread-1] DEBUG n.n.s.k.t.e.EcoreToTreeDocumentModelMapper - Not sure how to name EObject org.eclipse.emf.ecore.impl.EStringToStringMapEntryImpl@5a5234b (key: name, value: EByte:Object). Falling back to ReflectiveItemProvider.
82445 [pool-1-thread-1] DEBUG n.n.s.k.t.e.EcoreToTreeDocumentModelMapper - Not sure how to name EObject org.eclipse.emf.ecore.impl.EAnnotationImpl@110fdea9 (source: http:///org/eclipse/emf/ecore/util/ExtendedMetaData). Falling back to ReflectiveItemProvider.
82445 [pool-1-thread-1] DEBUG n.n.s.k.t.e.EcoreToTreeDocumentModelMapper - Not sure how to name EObject org.eclipse.emf.ecore.impl.EStringToStringMapEntryImpl@3d9c18b8 (key: baseType, value: EChar). Falling back to ReflectiveItemProvider.
82446 [pool-1-thread-1] DEBUG n.n.s.k.t.e.EcoreToTreeDocumentModelMapper - Not sure how to name EObject org.eclipse.emf.ecore.impl.EStringToStringMapEntryImpl@5852e321 (key: name, value: EChar:Object). Falling back to ReflectiveItemProvider.
82446 [pool-1-thread-1] DEBUG n.n.s.k.t.e.EcoreToTreeDocumentModelMapper - Not sure how to name EObject org.eclipse.emf.ecore.impl.EAnnotationImpl@4d1e0b47 (source: http:///org/eclipse/emf/ecore/util/ExtendedMetaData). Falling back to ReflectiveItemProvider.
82446 [pool-1-thread-1] DEBUG n.n.s.k.t.e.EcoreToTreeDocumentModelMapper - Not sure how to name EObject org.eclipse.emf.ecore.impl.EStringToStringMapEntryImpl@27249154 (key: baseType, value: http://www.w3.org/2001/XMLSchema#double). Falling back to ReflectiveItemProvider.
82446 [pool-1-thread-1] DEBUG n.n.s.k.t.e.EcoreToTreeDocumentModelMapper - Not sure how to name EObject org.eclipse.emf.ecore.impl.EAnnotationImpl@5e0dc682 (source: http:///org/eclipse/emf/ecore/util/ExtendedMetaData). Falling back to ReflectiveItemProvider.
82447 [pool-1-thread-1] DEBUG n.n.s.k.t.e.EcoreToTreeDocumentModelMapper - Not sure how to name EObject org.eclipse.emf.ecore.impl.EStringToStringMapEntryImpl@63f4aa37 (key: baseType, value: EDouble). Falling back to ReflectiveItemProvider.
82447 [pool-1-thread-1] DEBUG n.n.s.k.t.e.EcoreToTreeDocumentModelMapper - Not sure how to name EObject org.eclipse.emf.ecore.impl.EStringToStringMapEntryImpl@6059392c (key: name, value: EDouble:Object). Falling back to ReflectiveItemProvider.
82447 [pool-1-thread-1] DEBUG n.n.s.k.t.e.EcoreToTreeDocumentModelMapper - Not sure how to name EObject org.eclipse.emf.ecore.impl.EAnnotationImpl@483d2a5c (source: http:///org/eclipse/emf/ecore/util/ExtendedMetaData). Falling back to ReflectiveItemProvider.
82447 [pool-1-thread-1] DEBUG n.n.s.k.t.e.EcoreToTreeDocumentModelMapper - Not sure how to name EObject org.eclipse.emf.ecore.impl.EStringToStringMapEntryImpl@584523ff (key: baseType, value: http://www.w3.org/2001/XMLSchema#float). Falling back to ReflectiveItemProvider.
82447 [pool-1-thread-1] DEBUG n.n.s.k.t.e.EcoreToTreeDocumentModelMapper - Not sure how to name EObject org.eclipse.emf.ecore.impl.EAnnotationImpl@2342d46a (source: http:///org/eclipse/emf/ecore/util/ExtendedMetaData). Falling back to ReflectiveItemProvider.
82447 [pool-1-thread-1] DEBUG n.n.s.k.t.e.EcoreToTreeDocumentModelMapper - Not sure how to name EObject org.eclipse.emf.ecore.impl.EStringToStringMapEntryImpl@20c7594 (key: baseType, value: EFloat). Falling back to ReflectiveItemProvider.
82448 [pool-1-thread-1] DEBUG n.n.s.k.t.e.EcoreToTreeDocumentModelMapper - Not sure how to name EObject org.eclipse.emf.ecore.impl.EStringToStringMapEntryImpl@7327f4f1 (key: name, value: EFloat:Object). Falling back to ReflectiveItemProvider.
82448 [pool-1-thread-1] DEBUG n.n.s.k.t.e.EcoreToTreeDocumentModelMapper - Not sure how to name EObject org.eclipse.emf.ecore.impl.EAnnotationImpl@6e678cc6 (source: http:///org/eclipse/emf/ecore/util/ExtendedMetaData). Falling back to ReflectiveItemProvider.
82448 [pool-1-thread-1] DEBUG n.n.s.k.t.e.EcoreToTreeDocumentModelMapper - Not sure how to name EObject org.eclipse.emf.ecore.impl.EStringToStringMapEntryImpl@fa6f44b (key: baseType, value: http://www.w3.org/2001/XMLSchema#int). Falling back to ReflectiveItemProvider.
82448 [pool-1-thread-1] DEBUG n.n.s.k.t.e.EcoreToTreeDocumentModelMapper - Not sure how to name EObject org.eclipse.emf.ecore.impl.EAnnotationImpl@70fb213 (source: http:///org/eclipse/emf/ecore/util/ExtendedMetaData). Falling back to ReflectiveItemProvider.
82448 [pool-1-thread-1] DEBUG n.n.s.k.t.e.EcoreToTreeDocumentModelMapper - Not sure how to name EObject org.eclipse.emf.ecore.impl.EStringToStringMapEntryImpl@555c1f88 (key: baseType, value: EInt). Falling back to ReflectiveItemProvider.
82448 [pool-1-thread-1] DEBUG n.n.s.k.t.e.EcoreToTreeDocumentModelMapper - Not sure how to name EObject org.eclipse.emf.ecore.impl.EStringToStringMapEntryImpl@6d60adc4 (key: name, value: EInt:Object). Falling back to ReflectiveItemProvider.
82449 [pool-1-thread-1] DEBUG n.n.s.k.t.e.EcoreToTreeDocumentModelMapper - Not sure how to name EObject org.eclipse.emf.ecore.impl.EAnnotationImpl@273ed5e5 (source: http:///org/eclipse/emf/ecore/util/ExtendedMetaData). Falling back to ReflectiveItemProvider.
82449 [pool-1-thread-1] DEBUG n.n.s.k.t.e.EcoreToTreeDocumentModelMapper - Not sure how to name EObject org.eclipse.emf.ecore.impl.EStringToStringMapEntryImpl@ea3d512 (key: baseType, value: http://www.w3.org/2001/XMLSchema#long). Falling back to ReflectiveItemProvider.
82449 [pool-1-thread-1] DEBUG n.n.s.k.t.e.EcoreToTreeDocumentModelMapper - Not sure how to name EObject org.eclipse.emf.ecore.impl.EAnnotationImpl@52b2736f (source: http:///org/eclipse/emf/ecore/util/ExtendedMetaData). Falling back to ReflectiveItemProvider.
82449 [pool-1-thread-1] DEBUG n.n.s.k.t.e.EcoreToTreeDocumentModelMapper - Not sure how to name EObject org.eclipse.emf.ecore.impl.EStringToStringMapEntryImpl@3720521 (key: baseType, value: ELong). Falling back to ReflectiveItemProvider.
82449 [pool-1-thread-1] DEBUG n.n.s.k.t.e.EcoreToTreeDocumentModelMapper - Not sure how to name EObject org.eclipse.emf.ecore.impl.EStringToStringMapEntryImpl@13695b18 (key: name, value: ELong:Object). Falling back to ReflectiveItemProvider.
82450 [pool-1-thread-1] DEBUG n.n.s.k.t.e.EcoreToTreeDocumentModelMapper - Not sure how to name EObject org.eclipse.emf.ecore.impl.EAnnotationImpl@6a7f5563 (source: http:///org/eclipse/emf/ecore/util/ExtendedMetaData). Falling back to ReflectiveItemProvider.
82450 [pool-1-thread-1] DEBUG n.n.s.k.t.e.EcoreToTreeDocumentModelMapper - Not sure how to name EObject org.eclipse.emf.ecore.impl.EStringToStringMapEntryImpl@63c35af4 (key: baseType, value: http://www.w3.org/2001/XMLSchema#short). Falling back to ReflectiveItemProvider.
82450 [pool-1-thread-1] DEBUG n.n.s.k.t.e.EcoreToTreeDocumentModelMapper - Not sure how to name EObject org.eclipse.emf.ecore.impl.EAnnotationImpl@3f557c85 (source: http:///org/eclipse/emf/ecore/util/ExtendedMetaData). Falling back to ReflectiveItemProvider.
82450 [pool-1-thread-1] DEBUG n.n.s.k.t.e.EcoreToTreeDocumentModelMapper - Not sure how to name EObject org.eclipse.emf.ecore.impl.EStringToStringMapEntryImpl@2f91e241 (key: baseType, value: EShort). Falling back to ReflectiveItemProvider.
82450 [pool-1-thread-1] DEBUG n.n.s.k.t.e.EcoreToTreeDocumentModelMapper - Not sure how to name EObject org.eclipse.emf.ecore.impl.EStringToStringMapEntryImpl@567c09bd (key: name, value: EShort:Object). Falling back to ReflectiveItemProvider.
82451 [pool-1-thread-1] DEBUG n.n.s.k.t.e.EcoreToTreeDocumentModelMapper - Not sure how to name EObject org.eclipse.emf.ecore.impl.EAnnotationImpl@7f98d5b (source: http:///org/eclipse/emf/ecore/util/ExtendedMetaData). Falling back to ReflectiveItemProvider.
82451 [pool-1-thread-1] DEBUG n.n.s.k.t.e.EcoreToTreeDocumentModelMapper - Not sure how to name EObject org.eclipse.emf.ecore.impl.EStringToStringMapEntryImpl@27dae40f (key: baseType, value: http://www.w3.org/2001/XMLSchema#string). Falling back to ReflectiveItemProvider.
82451 [pool-1-thread-1] DEBUG n.n.s.k.t.e.EcoreToTreeDocumentModelMapper - Not sure how to name EObject org.eclipse.emf.ecore.impl.EAnnotationImpl@5211f813 (source: http://www.eclipse.org/emf/2002/Ecore). Falling back to ReflectiveItemProvider.
82451 [pool-1-thread-1] DEBUG n.n.s.k.t.e.EcoreToTreeDocumentModelMapper - Not sure how to name EObject org.eclipse.emf.ecore.impl.EStringToStringMapEntryImpl@6c75d44c (key: constraints, value: ConsistentType ConsistentBounds ConsistentArguments). Falling back to ReflectiveItemProvider.
82452 [pool-1-thread-1] DEBUG n.n.s.k.t.e.EmfTreeModelController - Model for 'file:/c:/Dev/Master/vscode-ecore-tree-editor/vscode-ecore-tree-editor-extension/examples/Ecore.ecore' mapped to 1 root(s).
87785 [pool-1-thread-1] DEBUG n.n.s.k.t.e.EmfTreeModelController - Getting model for 'file:///c%3A/Dev/Master/vscode-ecore-tree-editor/vscode-ecore-tree-editor-extension/examples/MyTest.ecore'
87786 [pool-1-thread-1] DEBUG n.n.s.k.t.e.EmfTreeModelController - Model for 'file:/c:/Dev/Master/vscode-ecore-tree-editor/vscode-ecore-tree-editor-extension/examples/MyTest.ecore' mapped to 1 root(s).
89874 [pool-1-thread-1] DEBUG n.n.s.k.t.e.EmfTreeModelController - Getting model for 'file:///c%3A/Dev/Master/vscode-ecore-tree-editor/vscode-ecore-tree-editor-extension/examples/Ecore.ecore'
89875 [pool-1-thread-1] DEBUG n.n.s.k.t.e.EcoreToTreeDocumentModelMapper - Not sure how to name EObject org.eclipse.emf.ecore.impl.EAnnotationImpl@73530c87 (source: http://www.eclipse.org/emf/2002/Ecore). Falling back to ReflectiveItemProvider.
89875 [pool-1-thread-1] DEBUG n.n.s.k.t.e.EcoreToTreeDocumentModelMapper - Not sure how to name EObject org.eclipse.emf.ecore.impl.EStringToStringMapEntryImpl@32ecaf50 (key: constraints, value: ConsistentTransient). Falling back to ReflectiveItemProvider.
89876 [pool-1-thread-1] DEBUG n.n.s.k.t.e.EcoreToTreeDocumentModelMapper - Not sure how to name EObject org.eclipse.emf.ecore.impl.EAnnotationImpl@44535ed1 (source: http://www.eclipse.org/emf/2002/Ecore). Falling back to ReflectiveItemProvider.
89876 [pool-1-thread-1] DEBUG n.n.s.k.t.e.EcoreToTreeDocumentModelMapper - Not sure how to name EObject org.eclipse.emf.ecore.impl.EStringToStringMapEntryImpl@70b2117c (key: constraints, value: WellFormed WellFormedSourceURI). Falling back to ReflectiveItemProvider.
89877 [pool-1-thread-1] DEBUG n.n.s.k.t.e.EcoreToTreeDocumentModelMapper - Not sure how to name EObject org.eclipse.emf.ecore.impl.EAnnotationImpl@54ae5a70 (source: http://www.eclipse.org/emf/2002/Ecore). Falling back to ReflectiveItemProvider.
89877 [pool-1-thread-1] DEBUG n.n.s.k.t.e.EcoreToTreeDocumentModelMapper - Not sure how to name EObject org.eclipse.emf.ecore.impl.EStringToStringMapEntryImpl@e95d6da (key: constraints, value: InterfaceIsAbstract AtMostOneID UniqueFeatureNames UniqueOperationSignatures NoCircularSuperTypes WellFormedMapEntryClass ConsistentSuperTypes DisjointFeatureAndOperationSignatures). Falling back to ReflectiveItemProvider.
89878 [pool-1-thread-1] DEBUG n.n.s.k.t.e.EcoreToTreeDocumentModelMapper - Not sure how to name EObject org.eclipse.emf.ecore.impl.EAnnotationImpl@41f4f80 (source: http://www.eclipse.org/emf/2002/GenModel). Falling back to ReflectiveItemProvider.
89879 [pool-1-thread-1] DEBUG n.n.s.k.t.e.EcoreToTreeDocumentModelMapper - Not sure how to name EObject org.eclipse.emf.ecore.impl.EStringToStringMapEntryImpl@448059c7 (key: suppressedIsSetVisibility, value: true). Falling back to ReflectiveItemProvider.
89879 [pool-1-thread-1] DEBUG n.n.s.k.t.e.EcoreToTreeDocumentModelMapper - Not sure how to name EObject org.eclipse.emf.ecore.impl.EStringToStringMapEntryImpl@6339e6f9 (key: suppressedUnsetVisibility, value: true). Falling back to ReflectiveItemProvider.
89880 [pool-1-thread-1] DEBUG n.n.s.k.t.e.EcoreToTreeDocumentModelMapper - Not sure how to name EObject org.eclipse.emf.ecore.impl.EAnnotationImpl@2cc2d5f9 (source: http://www.eclipse.org/emf/2002/GenModel). Falling back to ReflectiveItemProvider.
89880 [pool-1-thread-1] DEBUG n.n.s.k.t.e.EcoreToTreeDocumentModelMapper - Not sure how to name EObject org.eclipse.emf.ecore.impl.EStringToStringMapEntryImpl@bc6f824 (key: suppressedIsSetVisibility, value: true). Falling back to ReflectiveItemProvider.
89880 [pool-1-thread-1] DEBUG n.n.s.k.t.e.EcoreToTreeDocumentModelMapper - Not sure how to name EObject org.eclipse.emf.ecore.impl.EStringToStringMapEntryImpl@100ff6ff (key: suppressedUnsetVisibility, value: true). Falling back to ReflectiveItemProvider.
89880 [pool-1-thread-1] DEBUG n.n.s.k.t.e.EcoreToTreeDocumentModelMapper - Not sure how to name EObject org.eclipse.emf.ecore.impl.EAnnotationImpl@38cc79a3 (source: http://www.eclipse.org/emf/2002/Ecore). Falling back to ReflectiveItemProvider.
89880 [pool-1-thread-1] DEBUG n.n.s.k.t.e.EcoreToTreeDocumentModelMapper - Not sure how to name EObject org.eclipse.emf.ecore.impl.EStringToStringMapEntryImpl@3dcfdb81 (key: constraints, value: WellFormedInstanceTypeName UniqueTypeParameterNames). Falling back to ReflectiveItemProvider.
89881 [pool-1-thread-1] DEBUG n.n.s.k.t.e.EcoreToTreeDocumentModelMapper - Not sure how to name EObject org.eclipse.emf.ecore.impl.EAnnotationImpl@5e92cf46 (source: http://www.eclipse.org/emf/2002/GenModel). Falling back to ReflectiveItemProvider.
89881 [pool-1-thread-1] DEBUG n.n.s.k.t.e.EcoreToTreeDocumentModelMapper - Not sure how to name EObject org.eclipse.emf.ecore.impl.EStringToStringMapEntryImpl@774b364d (key: suppressedIsSetVisibility, value: true). Falling back to ReflectiveItemProvider.
89881 [pool-1-thread-1] DEBUG n.n.s.k.t.e.EcoreToTreeDocumentModelMapper - Not sure how to name EObject org.eclipse.emf.ecore.impl.EStringToStringMapEntryImpl@6adebfb1 (key: suppressedUnsetVisibility, value: true). Falling back to ReflectiveItemProvider.
89881 [pool-1-thread-1] DEBUG n.n.s.k.t.e.EcoreToTreeDocumentModelMapper - Not sure how to name EObject org.eclipse.emf.ecore.impl.EAnnotationImpl@540526a8 (source: http://www.eclipse.org/emf/2002/GenModel). Falling back to ReflectiveItemProvider.
89881 [pool-1-thread-1] DEBUG n.n.s.k.t.e.EcoreToTreeDocumentModelMapper - Not sure how to name EObject org.eclipse.emf.ecore.impl.EStringToStringMapEntryImpl@2ca7d604 (key: suppressedIsSetVisibility, value: true). Falling back to ReflectiveItemProvider.
89882 [pool-1-thread-1] DEBUG n.n.s.k.t.e.EcoreToTreeDocumentModelMapper - Not sure how to name EObject org.eclipse.emf.ecore.impl.EStringToStringMapEntryImpl@737f2fc6 (key: suppressedUnsetVisibility, value: true). Falling back to ReflectiveItemProvider.
89882 [pool-1-thread-1] DEBUG n.n.s.k.t.e.EcoreToTreeDocumentModelMapper - Not sure how to name EObject org.eclipse.emf.ecore.impl.EAnnotationImpl@74750325 (source: http://www.eclipse.org/emf/2002/Ecore). Falling back to ReflectiveItemProvider.
89882 [pool-1-thread-1] DEBUG n.n.s.k.t.e.EcoreToTreeDocumentModelMapper - Not sure how to name EObject org.eclipse.emf.ecore.impl.EStringToStringMapEntryImpl@7c52ceb4 (key: constraints, value: UniqueEnumeratorNames UniqueEnumeratorLiterals). Falling back to ReflectiveItemProvider.
89883 [pool-1-thread-1] DEBUG n.n.s.k.t.e.EcoreToTreeDocumentModelMapper - Not sure how to name EObject org.eclipse.emf.ecore.impl.EAnnotationImpl@2579bb2b (source: http://www.eclipse.org/emf/2002/Ecore). Falling back to ReflectiveItemProvider.
89883 [pool-1-thread-1] DEBUG n.n.s.k.t.e.EcoreToTreeDocumentModelMapper - Not sure how to name EObject org.eclipse.emf.ecore.impl.EStringToStringMapEntryImpl@4cfa2074 (key: constraints, value: WellFormedName). Falling back to ReflectiveItemProvider.
89884 [pool-1-thread-1] DEBUG n.n.s.k.t.e.EcoreToTreeDocumentModelMapper - Not sure how to name EObject org.eclipse.emf.ecore.impl.EAnnotationImpl@3c94db96 (source: http://www.eclipse.org/emf/2002/Ecore). Falling back to ReflectiveItemProvider.
89885 [pool-1-thread-1] DEBUG n.n.s.k.t.e.EcoreToTreeDocumentModelMapper - Not sure how to name EObject org.eclipse.emf.ecore.impl.EStringToStringMapEntryImpl@72e9c40a (key: constraints, value: UniqueParameterNames UniqueTypeParameterNames NoRepeatingVoid). Falling back to ReflectiveItemProvider.
89885 [pool-1-thread-1] DEBUG n.n.s.k.t.e.EcoreToTreeDocumentModelMapper - Not sure how to name EObject org.eclipse.emf.ecore.impl.EAnnotationImpl@742ceb19 (source: http://www.eclipse.org/emf/2002/GenModel). Falling back to ReflectiveItemProvider.
89885 [pool-1-thread-1] DEBUG n.n.s.k.t.e.EcoreToTreeDocumentModelMapper - Not sure how to name EObject org.eclipse.emf.ecore.impl.EStringToStringMapEntryImpl@7e072f8a (key: suppressedIsSetVisibility, value: true). Falling back to ReflectiveItemProvider.
89885 [pool-1-thread-1] DEBUG n.n.s.k.t.e.EcoreToTreeDocumentModelMapper - Not sure how to name EObject org.eclipse.emf.ecore.impl.EStringToStringMapEntryImpl@1b1b199 (key: suppressedUnsetVisibility, value: true). Falling back to ReflectiveItemProvider.
89886 [pool-1-thread-1] DEBUG n.n.s.k.t.e.EcoreToTreeDocumentModelMapper - Not sure how to name EObject org.eclipse.emf.ecore.impl.EAnnotationImpl@580600c1 (source: http://www.eclipse.org/emf/2002/GenModel). Falling back to ReflectiveItemProvider.
89886 [pool-1-thread-1] DEBUG n.n.s.k.t.e.EcoreToTreeDocumentModelMapper - Not sure how to name EObject org.eclipse.emf.ecore.impl.EStringToStringMapEntryImpl@54374f21 (key: suppressedIsSetVisibility, value: true). Falling back to ReflectiveItemProvider.
89886 [pool-1-thread-1] DEBUG n.n.s.k.t.e.EcoreToTreeDocumentModelMapper - Not sure how to name EObject org.eclipse.emf.ecore.impl.EStringToStringMapEntryImpl@32874204 (key: suppressedUnsetVisibility, value: true). Falling back to ReflectiveItemProvider.
89886 [pool-1-thread-1] DEBUG n.n.s.k.t.e.EcoreToTreeDocumentModelMapper - Not sure how to name EObject org.eclipse.emf.ecore.impl.EAnnotationImpl@731b29ac (source: http://www.eclipse.org/emf/2002/Ecore). Falling back to ReflectiveItemProvider.
89886 [pool-1-thread-1] DEBUG n.n.s.k.t.e.EcoreToTreeDocumentModelMapper - Not sure how to name EObject org.eclipse.emf.ecore.impl.EStringToStringMapEntryImpl@68348cc8 (key: constraints, value: WellFormedNsURI WellFormedNsPrefix UniqueSubpackageNames UniqueClassifierNames UniqueNsURIs). Falling back to ReflectiveItemProvider.
89887 [pool-1-thread-1] DEBUG n.n.s.k.t.e.EcoreToTreeDocumentModelMapper - Not sure how to name EObject org.eclipse.emf.ecore.impl.EAnnotationImpl@7b9b127f (source: http://www.eclipse.org/emf/2002/Ecore). Falling back to ReflectiveItemProvider.
89887 [pool-1-thread-1] DEBUG n.n.s.k.t.e.EcoreToTreeDocumentModelMapper - Not sure how to name EObject org.eclipse.emf.ecore.impl.EStringToStringMapEntryImpl@3bd7062c (key: constraints, value: ConsistentOpposite SingleContainer ConsistentKeys ConsistentUnique ConsistentContainer). Falling back to ReflectiveItemProvider.
89888 [pool-1-thread-1] DEBUG n.n.s.k.t.e.EcoreToTreeDocumentModelMapper - Not sure how to name EObject org.eclipse.emf.ecore.impl.EAnnotationImpl@6735c84b (source: http://www.eclipse.org/emf/2002/Ecore). Falling back to ReflectiveItemProvider.
89888 [pool-1-thread-1] DEBUG n.n.s.k.t.e.EcoreToTreeDocumentModelMapper - Not sure how to name EObject org.eclipse.emf.ecore.impl.EStringToStringMapEntryImpl@14f2d4d (key: constraints, value: ValidDefaultValueLiteral). Falling back to ReflectiveItemProvider.
89889 [pool-1-thread-1] DEBUG n.n.s.k.t.e.EcoreToTreeDocumentModelMapper - Not sure how to name EObject org.eclipse.emf.ecore.impl.EAnnotationImpl@6b8f52bc (source: http://www.eclipse.org/emf/2002/Ecore). Falling back to ReflectiveItemProvider.
89889 [pool-1-thread-1] DEBUG n.n.s.k.t.e.EcoreToTreeDocumentModelMapper - Not sure how to name EObject org.eclipse.emf.ecore.impl.EStringToStringMapEntryImpl@2826f2dc (key: constraints, value: ValidLowerBound ValidUpperBound ConsistentBounds ValidType). Falling back to ReflectiveItemProvider.
89889 [pool-1-thread-1] DEBUG n.n.s.k.t.e.EcoreToTreeDocumentModelMapper - Not sure how to name EObject org.eclipse.emf.ecore.impl.EAnnotationImpl@3ee9dfa6 (source: http://www.eclipse.org/emf/2002/GenModel). Falling back to ReflectiveItemProvider.
89890 [pool-1-thread-1] DEBUG n.n.s.k.t.e.EcoreToTreeDocumentModelMapper - Not sure how to name EObject org.eclipse.emf.ecore.impl.EStringToStringMapEntryImpl@517e913d (key: suppressedIsSetVisibility, value: true). Falling back to ReflectiveItemProvider.
89890 [pool-1-thread-1] DEBUG n.n.s.k.t.e.EcoreToTreeDocumentModelMapper - Not sure how to name EObject org.eclipse.emf.ecore.impl.EStringToStringMapEntryImpl@2c5c7afb (key: suppressedUnsetVisibility, value: true). Falling back to ReflectiveItemProvider.
89890 [pool-1-thread-1] DEBUG n.n.s.k.t.e.EcoreToTreeDocumentModelMapper - Not sure how to name EObject org.eclipse.emf.ecore.impl.EAnnotationImpl@2d2f8590 (source: http://www.eclipse.org/emf/2002/GenModel). Falling back to ReflectiveItemProvider.
89890 [pool-1-thread-1] DEBUG n.n.s.k.t.e.EcoreToTreeDocumentModelMapper - Not sure how to name EObject org.eclipse.emf.ecore.impl.EStringToStringMapEntryImpl@626bb96c (key: suppressedIsSetVisibility, value: true). Falling back to ReflectiveItemProvider.
89890 [pool-1-thread-1] DEBUG n.n.s.k.t.e.EcoreToTreeDocumentModelMapper - Not sure how to name EObject org.eclipse.emf.ecore.impl.EStringToStringMapEntryImpl@55312ec6 (key: suppressedUnsetVisibility, value: true). Falling back to ReflectiveItemProvider.
89890 [pool-1-thread-1] DEBUG n.n.s.k.t.e.EcoreToTreeDocumentModelMapper - Not sure how to name EObject org.eclipse.emf.ecore.impl.EAnnotationImpl@7aceadd (source: http:///org/eclipse/emf/ecore/util/ExtendedMetaData). Falling back to ReflectiveItemProvider.
89890 [pool-1-thread-1] DEBUG n.n.s.k.t.e.EcoreToTreeDocumentModelMapper - Not sure how to name EObject org.eclipse.emf.ecore.impl.EStringToStringMapEntryImpl@64deeec4 (key: baseType, value: http://www.w3.org/2001/XMLSchema#decimal). Falling back to ReflectiveItemProvider.
89891 [pool-1-thread-1] DEBUG n.n.s.k.t.e.EcoreToTreeDocumentModelMapper - Not sure how to name EObject org.eclipse.emf.ecore.impl.EAnnotationImpl@20aca94d (source: http:///org/eclipse/emf/ecore/util/ExtendedMetaData). Falling back to ReflectiveItemProvider.
89891 [pool-1-thread-1] DEBUG n.n.s.k.t.e.EcoreToTreeDocumentModelMapper - Not sure how to name EObject org.eclipse.emf.ecore.impl.EStringToStringMapEntryImpl@40b64587 (key: baseType, value: http://www.w3.org/2001/XMLSchema#integer). Falling back to ReflectiveItemProvider.
89891 [pool-1-thread-1] DEBUG n.n.s.k.t.e.EcoreToTreeDocumentModelMapper - Not sure how to name EObject org.eclipse.emf.ecore.impl.EAnnotationImpl@66289c1e (source: http:///org/eclipse/emf/ecore/util/ExtendedMetaData). Falling back to ReflectiveItemProvider.
89891 [pool-1-thread-1] DEBUG n.n.s.k.t.e.EcoreToTreeDocumentModelMapper - Not sure how to name EObject org.eclipse.emf.ecore.impl.EStringToStringMapEntryImpl@230ba757 (key: baseType, value: http://www.w3.org/2001/XMLSchema#boolean). Falling back to ReflectiveItemProvider.
89891 [pool-1-thread-1] DEBUG n.n.s.k.t.e.EcoreToTreeDocumentModelMapper - Not sure how to name EObject org.eclipse.emf.ecore.impl.EAnnotationImpl@6b087c88 (source: http:///org/eclipse/emf/ecore/util/ExtendedMetaData). Falling back to ReflectiveItemProvider.
89891 [pool-1-thread-1] DEBUG n.n.s.k.t.e.EcoreToTreeDocumentModelMapper - Not sure how to name EObject org.eclipse.emf.ecore.impl.EStringToStringMapEntryImpl@4962d59b (key: baseType, value: EBoolean). Falling back to ReflectiveItemProvider.
89891 [pool-1-thread-1] DEBUG n.n.s.k.t.e.EcoreToTreeDocumentModelMapper - Not sure how to name EObject org.eclipse.emf.ecore.impl.EStringToStringMapEntryImpl@372de2ff (key: name, value: EBoolean:Object). Falling back to ReflectiveItemProvider.
89892 [pool-1-thread-1] DEBUG n.n.s.k.t.e.EcoreToTreeDocumentModelMapper - Not sure how to name EObject org.eclipse.emf.ecore.impl.EAnnotationImpl@54674ad2 (source: http:///org/eclipse/emf/ecore/util/ExtendedMetaData). Falling back to ReflectiveItemProvider.
89892 [pool-1-thread-1] DEBUG n.n.s.k.t.e.EcoreToTreeDocumentModelMapper - Not sure how to name EObject org.eclipse.emf.ecore.impl.EStringToStringMapEntryImpl@b7683c8 (key: baseType, value: http://www.w3.org/2001/XMLSchema#byte). Falling back to ReflectiveItemProvider.
89892 [pool-1-thread-1] DEBUG n.n.s.k.t.e.EcoreToTreeDocumentModelMapper - Not sure how to name EObject org.eclipse.emf.ecore.impl.EAnnotationImpl@33f8b1c6 (source: http:///org/eclipse/emf/ecore/util/ExtendedMetaData). Falling back to ReflectiveItemProvider.
89892 [pool-1-thread-1] DEBUG n.n.s.k.t.e.EcoreToTreeDocumentModelMapper - Not sure how to name EObject org.eclipse.emf.ecore.impl.EStringToStringMapEntryImpl@5da75cb1 (key: baseType, value: http://www.w3.org/2001/XMLSchema#hexBinary). Falling back to ReflectiveItemProvider.
89892 [pool-1-thread-1] DEBUG n.n.s.k.t.e.EcoreToTreeDocumentModelMapper - Not sure how to name EObject org.eclipse.emf.ecore.impl.EAnnotationImpl@14005cb9 (source: http:///org/eclipse/emf/ecore/util/ExtendedMetaData). Falling back to ReflectiveItemProvider.
89892 [pool-1-thread-1] DEBUG n.n.s.k.t.e.EcoreToTreeDocumentModelMapper - Not sure how to name EObject org.eclipse.emf.ecore.impl.EStringToStringMapEntryImpl@6280b97e (key: baseType, value: EByte). Falling back to ReflectiveItemProvider.
89892 [pool-1-thread-1] DEBUG n.n.s.k.t.e.EcoreToTreeDocumentModelMapper - Not sure how to name EObject org.eclipse.emf.ecore.impl.EStringToStringMapEntryImpl@5a5234b (key: name, value: EByte:Object). Falling back to ReflectiveItemProvider.
89892 [pool-1-thread-1] DEBUG n.n.s.k.t.e.EcoreToTreeDocumentModelMapper - Not sure how to name EObject org.eclipse.emf.ecore.impl.EAnnotationImpl@110fdea9 (source: http:///org/eclipse/emf/ecore/util/ExtendedMetaData). Falling back to ReflectiveItemProvider.
89892 [pool-1-thread-1] DEBUG n.n.s.k.t.e.EcoreToTreeDocumentModelMapper - Not sure how to name EObject org.eclipse.emf.ecore.impl.EStringToStringMapEntryImpl@3d9c18b8 (key: baseType, value: EChar). Falling back to ReflectiveItemProvider.
89893 [pool-1-thread-1] DEBUG n.n.s.k.t.e.EcoreToTreeDocumentModelMapper - Not sure how to name EObject org.eclipse.emf.ecore.impl.EStringToStringMapEntryImpl@5852e321 (key: name, value: EChar:Object). Falling back to ReflectiveItemProvider.
89893 [pool-1-thread-1] DEBUG n.n.s.k.t.e.EcoreToTreeDocumentModelMapper - Not sure how to name EObject org.eclipse.emf.ecore.impl.EAnnotationImpl@4d1e0b47 (source: http:///org/eclipse/emf/ecore/util/ExtendedMetaData). Falling back to ReflectiveItemProvider.
89893 [pool-1-thread-1] DEBUG n.n.s.k.t.e.EcoreToTreeDocumentModelMapper - Not sure how to name EObject org.eclipse.emf.ecore.impl.EStringToStringMapEntryImpl@27249154 (key: baseType, value: http://www.w3.org/2001/XMLSchema#double). Falling back to ReflectiveItemProvider.
89893 [pool-1-thread-1] DEBUG n.n.s.k.t.e.EcoreToTreeDocumentModelMapper - Not sure how to name EObject org.eclipse.emf.ecore.impl.EAnnotationImpl@5e0dc682 (source: http:///org/eclipse/emf/ecore/util/ExtendedMetaData). Falling back to ReflectiveItemProvider.
89893 [pool-1-thread-1] DEBUG n.n.s.k.t.e.EcoreToTreeDocumentModelMapper - Not sure how to name EObject org.eclipse.emf.ecore.impl.EStringToStringMapEntryImpl@63f4aa37 (key: baseType, value: EDouble). Falling back to ReflectiveItemProvider.
89894 [pool-1-thread-1] DEBUG n.n.s.k.t.e.EcoreToTreeDocumentModelMapper - Not sure how to name EObject org.eclipse.emf.ecore.impl.EStringToStringMapEntryImpl@6059392c (key: name, value: EDouble:Object). Falling back to ReflectiveItemProvider.
89894 [pool-1-thread-1] DEBUG n.n.s.k.t.e.EcoreToTreeDocumentModelMapper - Not sure how to name EObject org.eclipse.emf.ecore.impl.EAnnotationImpl@483d2a5c (source: http:///org/eclipse/emf/ecore/util/ExtendedMetaData). Falling back to ReflectiveItemProvider.
89894 [pool-1-thread-1] DEBUG n.n.s.k.t.e.EcoreToTreeDocumentModelMapper - Not sure how to name EObject org.eclipse.emf.ecore.impl.EStringToStringMapEntryImpl@584523ff (key: baseType, value: http://www.w3.org/2001/XMLSchema#float). Falling back to ReflectiveItemProvider.
89894 [pool-1-thread-1] DEBUG n.n.s.k.t.e.EcoreToTreeDocumentModelMapper - Not sure how to name EObject org.eclipse.emf.ecore.impl.EAnnotationImpl@2342d46a (source: http:///org/eclipse/emf/ecore/util/ExtendedMetaData). Falling back to ReflectiveItemProvider.
89894 [pool-1-thread-1] DEBUG n.n.s.k.t.e.EcoreToTreeDocumentModelMapper - Not sure how to name EObject org.eclipse.emf.ecore.impl.EStringToStringMapEntryImpl@20c7594 (key: baseType, value: EFloat). Falling back to ReflectiveItemProvider.
89895 [pool-1-thread-1] DEBUG n.n.s.k.t.e.EcoreToTreeDocumentModelMapper - Not sure how to name EObject org.eclipse.emf.ecore.impl.EStringToStringMapEntryImpl@7327f4f1 (key: name, value: EFloat:Object). Falling back to ReflectiveItemProvider.
89895 [pool-1-thread-1] DEBUG n.n.s.k.t.e.EcoreToTreeDocumentModelMapper - Not sure how to name EObject org.eclipse.emf.ecore.impl.EAnnotationImpl@6e678cc6 (source: http:///org/eclipse/emf/ecore/util/ExtendedMetaData). Falling back to ReflectiveItemProvider.
89895 [pool-1-thread-1] DEBUG n.n.s.k.t.e.EcoreToTreeDocumentModelMapper - Not sure how to name EObject org.eclipse.emf.ecore.impl.EStringToStringMapEntryImpl@fa6f44b (key: baseType, value: http://www.w3.org/2001/XMLSchema#int). Falling back to ReflectiveItemProvider.
89895 [pool-1-thread-1] DEBUG n.n.s.k.t.e.EcoreToTreeDocumentModelMapper - Not sure how to name EObject org.eclipse.emf.ecore.impl.EAnnotationImpl@70fb213 (source: http:///org/eclipse/emf/ecore/util/ExtendedMetaData). Falling back to ReflectiveItemProvider.
89895 [pool-1-thread-1] DEBUG n.n.s.k.t.e.EcoreToTreeDocumentModelMapper - Not sure how to name EObject org.eclipse.emf.ecore.impl.EStringToStringMapEntryImpl@555c1f88 (key: baseType, value: EInt). Falling back to ReflectiveItemProvider.
89896 [pool-1-thread-1] DEBUG n.n.s.k.t.e.EcoreToTreeDocumentModelMapper - Not sure how to name EObject org.eclipse.emf.ecore.impl.EStringToStringMapEntryImpl@6d60adc4 (key: name, value: EInt:Object). Falling back to ReflectiveItemProvider.
89896 [pool-1-thread-1] DEBUG n.n.s.k.t.e.EcoreToTreeDocumentModelMapper - Not sure how to name EObject org.eclipse.emf.ecore.impl.EAnnotationImpl@273ed5e5 (source: http:///org/eclipse/emf/ecore/util/ExtendedMetaData). Falling back to ReflectiveItemProvider.
89896 [pool-1-thread-1] DEBUG n.n.s.k.t.e.EcoreToTreeDocumentModelMapper - Not sure how to name EObject org.eclipse.emf.ecore.impl.EStringToStringMapEntryImpl@ea3d512 (key: baseType, value: http://www.w3.org/2001/XMLSchema#long). Falling back to ReflectiveItemProvider.
89896 [pool-1-thread-1] DEBUG n.n.s.k.t.e.EcoreToTreeDocumentModelMapper - Not sure how to name EObject org.eclipse.emf.ecore.impl.EAnnotationImpl@52b2736f (source: http:///org/eclipse/emf/ecore/util/ExtendedMetaData). Falling back to ReflectiveItemProvider.
89896 [pool-1-thread-1] DEBUG n.n.s.k.t.e.EcoreToTreeDocumentModelMapper - Not sure how to name EObject org.eclipse.emf.ecore.impl.EStringToStringMapEntryImpl@3720521 (key: baseType, value: ELong). Falling back to ReflectiveItemProvider.
89897 [pool-1-thread-1] DEBUG n.n.s.k.t.e.EcoreToTreeDocumentModelMapper - Not sure how to name EObject org.eclipse.emf.ecore.impl.EStringToStringMapEntryImpl@13695b18 (key: name, value: ELong:Object). Falling back to ReflectiveItemProvider.
89897 [pool-1-thread-1] DEBUG n.n.s.k.t.e.EcoreToTreeDocumentModelMapper - Not sure how to name EObject org.eclipse.emf.ecore.impl.EAnnotationImpl@6a7f5563 (source: http:///org/eclipse/emf/ecore/util/ExtendedMetaData). Falling back to ReflectiveItemProvider.
89897 [pool-1-thread-1] DEBUG n.n.s.k.t.e.EcoreToTreeDocumentModelMapper - Not sure how to name EObject org.eclipse.emf.ecore.impl.EStringToStringMapEntryImpl@63c35af4 (key: baseType, value: http://www.w3.org/2001/XMLSchema#short). Falling back to ReflectiveItemProvider.
89898 [pool-1-thread-1] DEBUG n.n.s.k.t.e.EcoreToTreeDocumentModelMapper - Not sure how to name EObject org.eclipse.emf.ecore.impl.EAnnotationImpl@3f557c85 (source: http:///org/eclipse/emf/ecore/util/ExtendedMetaData). Falling back to ReflectiveItemProvider.
89898 [pool-1-thread-1] DEBUG n.n.s.k.t.e.EcoreToTreeDocumentModelMapper - Not sure how to name EObject org.eclipse.emf.ecore.impl.EStringToStringMapEntryImpl@2f91e241 (key: baseType, value: EShort). Falling back to ReflectiveItemProvider.
89898 [pool-1-thread-1] DEBUG n.n.s.k.t.e.EcoreToTreeDocumentModelMapper - Not sure how to name EObject org.eclipse.emf.ecore.impl.EStringToStringMapEntryImpl@567c09bd (key: name, value: EShort:Object). Falling back to ReflectiveItemProvider.
89898 [pool-1-thread-1] DEBUG n.n.s.k.t.e.EcoreToTreeDocumentModelMapper - Not sure how to name EObject org.eclipse.emf.ecore.impl.EAnnotationImpl@7f98d5b (source: http:///org/eclipse/emf/ecore/util/ExtendedMetaData). Falling back to ReflectiveItemProvider.
89898 [pool-1-thread-1] DEBUG n.n.s.k.t.e.EcoreToTreeDocumentModelMapper - Not sure how to name EObject org.eclipse.emf.ecore.impl.EStringToStringMapEntryImpl@27dae40f (key: baseType, value: http://www.w3.org/2001/XMLSchema#string). Falling back to ReflectiveItemProvider.
89899 [pool-1-thread-1] DEBUG n.n.s.k.t.e.EcoreToTreeDocumentModelMapper - Not sure how to name EObject org.eclipse.emf.ecore.impl.EAnnotationImpl@5211f813 (source: http://www.eclipse.org/emf/2002/Ecore). Falling back to ReflectiveItemProvider.
89899 [pool-1-thread-1] DEBUG n.n.s.k.t.e.EcoreToTreeDocumentModelMapper - Not sure how to name EObject org.eclipse.emf.ecore.impl.EStringToStringMapEntryImpl@6c75d44c (key: constraints, value: ConsistentType ConsistentBounds ConsistentArguments). Falling back to ReflectiveItemProvider.
89900 [pool-1-thread-1] DEBUG n.n.s.k.t.e.EmfTreeModelController - Model for 'file:/c:/Dev/Master/vscode-ecore-tree-editor/vscode-ecore-tree-editor-extension/examples/Ecore.ecore' mapped to 1 root(s).
